<?xml version="1.0" encoding="UTF-8"?>
<testng-results ignored="0" total="2" passed="2" failed="0" skipped="0">
  <reporter-output>
  </reporter-output>
  <suite started-at="2023-09-09T14:03:52 IST" name="Surefire suite" finished-at="2023-09-09T14:04:08 IST" duration-ms="15855">
    <groups>
    </groups>
    <test started-at="2023-09-09T14:03:52 IST" name="Surefire test" finished-at="2023-09-09T14:04:08 IST" duration-ms="15855">
      <class name="com.obsqura.tests.SearchProductTest">
        <test-method is-config="true" signature="InitializeDriver()[pri:0, instance:com.obsqura.tests.SearchProductTest@581ac8a8]" started-at="2023-09-09T14:04:01 IST" name="InitializeDriver" finished-at="2023-09-09T14:04:05 IST" duration-ms="4435" status="PASS">
          <reporter-output>
          </reporter-output>
        </test-method> <!-- InitializeDriver -->
        <test-method signature="MySearchProductTest()[pri:0, instance:com.obsqura.tests.SearchProductTest@581ac8a8]" started-at="2023-09-09T14:04:05 IST" name="MySearchProductTest" finished-at="2023-09-09T14:04:07 IST" duration-ms="2041" status="PASS">
          <reporter-output>
          </reporter-output>
        </test-method> <!-- MySearchProductTest -->
        <test-method is-config="true" signature="TearDown()[pri:0, instance:com.obsqura.tests.SearchProductTest@581ac8a8]" started-at="2023-09-09T14:04:07 IST" name="TearDown" finished-at="2023-09-09T14:04:08 IST" duration-ms="382" status="PASS">
          <reporter-output>
          </reporter-output>
        </test-method> <!-- TearDown -->
      </class> <!-- com.obsqura.tests.SearchProductTest -->
      <class name="com.obsqura.tests.LoginTest">
        <test-method is-config="true" signature="InitializeDriver()[pri:0, instance:com.obsqura.tests.LoginTest@32b260fa]" started-at="2023-09-09T14:03:52 IST" name="InitializeDriver" finished-at="2023-09-09T14:04:00 IST" duration-ms="8050" status="PASS">
          <reporter-output>
          </reporter-output>
        </test-method> <!-- InitializeDriver -->
        <test-method signature="MyLoginTest()[pri:0, instance:com.obsqura.tests.LoginTest@32b260fa]" started-at="2023-09-09T14:04:00 IST" name="MyLoginTest" finished-at="2023-09-09T14:04:01 IST" duration-ms="564" status="PASS">
          <reporter-output>
          </reporter-output>
        </test-method> <!-- MyLoginTest -->
        <test-method is-config="true" signature="TearDown()[pri:0, instance:com.obsqura.tests.LoginTest@32b260fa]" started-at="2023-09-09T14:04:01 IST" name="TearDown" finished-at="2023-09-09T14:04:01 IST" duration-ms="341" status="PASS">
          <reporter-output>
          </reporter-output>
        </test-method> <!-- TearDown -->
      </class> <!-- com.obsqura.tests.LoginTest -->
    </test> <!-- Surefire test -->
  </suite> <!-- Surefire suite -->
</testng-results>
