<?xml version="1.0" encoding="UTF-8"?>
<testng-results ignored="0" total="4" passed="4" failed="0" skipped="0">
  <reporter-output>
  </reporter-output>
  <suite started-at="2023-08-25T21:13:34 IST" name="Suite" finished-at="2023-08-25T21:14:09 IST" duration-ms="35608">
    <groups>
    </groups>
    <test started-at="2023-08-25T21:13:34 IST" name="Test1" finished-at="2023-08-25T21:13:50 IST" duration-ms="16580">
      <class name="com.obsqura.tests.LoginTest">
        <test-method is-config="true" signature="InitializeDriver()[pri:0, instance:com.obsqura.tests.LoginTest@5e4bd84a]" started-at="2023-08-25T21:13:34 IST" name="InitializeDriver" finished-at="2023-08-25T21:13:47 IST" duration-ms="13185" status="PASS">
          <reporter-output>
          </reporter-output>
        </test-method> <!-- InitializeDriver -->
        <test-method signature="MyLoginTest()[pri:0, instance:com.obsqura.tests.LoginTest@5e4bd84a]" started-at="2023-08-25T21:13:47 IST" name="MyLoginTest" finished-at="2023-08-25T21:13:49 IST" duration-ms="2586" status="PASS">
          <reporter-output>
          </reporter-output>
        </test-method> <!-- MyLoginTest -->
        <test-method is-config="true" signature="TearDown()[pri:0, instance:com.obsqura.tests.LoginTest@5e4bd84a]" started-at="2023-08-25T21:13:49 IST" name="TearDown" finished-at="2023-08-25T21:13:50 IST" duration-ms="754" status="PASS">
          <reporter-output>
          </reporter-output>
        </test-method> <!-- TearDown -->
      </class> <!-- com.obsqura.tests.LoginTest -->
    </test> <!-- Test1 -->
    <test started-at="2023-08-25T21:13:34 IST" name="Test2" finished-at="2023-08-25T21:13:52 IST" duration-ms="18024">
      <class name="com.obsqura.tests.SearchProductTest">
        <test-method is-config="true" signature="InitializeDriver()[pri:0, instance:com.obsqura.tests.SearchProductTest@6ad3381f]" started-at="2023-08-25T21:13:34 IST" name="InitializeDriver" finished-at="2023-08-25T21:13:46 IST" duration-ms="12810" status="PASS">
          <reporter-output>
          </reporter-output>
        </test-method> <!-- InitializeDriver -->
        <test-method signature="MySearchProductTest()[pri:0, instance:com.obsqura.tests.SearchProductTest@6ad3381f]" started-at="2023-08-25T21:13:46 IST" name="MySearchProductTest" finished-at="2023-08-25T21:13:51 IST" duration-ms="4351" status="PASS">
          <reporter-output>
          </reporter-output>
        </test-method> <!-- MySearchProductTest -->
        <test-method is-config="true" signature="TearDown()[pri:0, instance:com.obsqura.tests.SearchProductTest@6ad3381f]" started-at="2023-08-25T21:13:51 IST" name="TearDown" finished-at="2023-08-25T21:13:52 IST" duration-ms="735" status="PASS">
          <reporter-output>
          </reporter-output>
        </test-method> <!-- TearDown -->
      </class> <!-- com.obsqura.tests.SearchProductTest -->
    </test> <!-- Test2 -->
    <test started-at="2023-08-25T21:13:52 IST" name="Test4" finished-at="2023-08-25T21:14:08 IST" duration-ms="16369">
      <class name="com.obsqura.tests.CreateDeliveryBoy">
        <test-method is-config="true" signature="InitializeDriver()[pri:0, instance:com.obsqura.tests.CreateDeliveryBoy@6dee4f1b]" started-at="2023-08-25T21:13:52 IST" name="InitializeDriver" finished-at="2023-08-25T21:13:58 IST" duration-ms="6707" status="PASS">
          <reporter-output>
          </reporter-output>
        </test-method> <!-- InitializeDriver -->
        <test-method signature="CreateDeliveryBoyTest()[pri:0, instance:com.obsqura.tests.CreateDeliveryBoy@6dee4f1b]" started-at="2023-08-25T21:13:58 IST" name="CreateDeliveryBoyTest" finished-at="2023-08-25T21:14:07 IST" duration-ms="8579" status="PASS">
          <reporter-output>
          </reporter-output>
        </test-method> <!-- CreateDeliveryBoyTest -->
        <test-method is-config="true" signature="TearDown()[pri:0, instance:com.obsqura.tests.CreateDeliveryBoy@6dee4f1b]" started-at="2023-08-25T21:14:07 IST" name="TearDown" finished-at="2023-08-25T21:14:08 IST" duration-ms="1064" status="PASS">
          <reporter-output>
          </reporter-output>
        </test-method> <!-- TearDown -->
      </class> <!-- com.obsqura.tests.CreateDeliveryBoy -->
    </test> <!-- Test4 -->
    <test started-at="2023-08-25T21:13:52 IST" name="Test3" finished-at="2023-08-25T21:14:09 IST" duration-ms="17567">
      <class name="com.obsqura.tests.CreateandDeleteExpense">
        <test-method is-config="true" signature="InitializeDriver()[pri:0, instance:com.obsqura.tests.CreateandDeleteExpense@4748a0f9]" started-at="2023-08-25T21:13:52 IST" name="InitializeDriver" finished-at="2023-08-25T21:14:01 IST" duration-ms="9586" status="PASS">
          <reporter-output>
          </reporter-output>
        </test-method> <!-- InitializeDriver -->
        <test-method signature="MyCreateDeleteExpense()[pri:0, instance:com.obsqura.tests.CreateandDeleteExpense@4748a0f9]" started-at="2023-08-25T21:14:01 IST" name="MyCreateDeleteExpense" finished-at="2023-08-25T21:14:09 IST" duration-ms="7716" status="PASS">
          <reporter-output>
          </reporter-output>
        </test-method> <!-- MyCreateDeleteExpense -->
        <test-method is-config="true" signature="TearDown()[pri:0, instance:com.obsqura.tests.CreateandDeleteExpense@4748a0f9]" started-at="2023-08-25T21:14:09 IST" name="TearDown" finished-at="2023-08-25T21:14:09 IST" duration-ms="262" status="PASS">
          <reporter-output>
          </reporter-output>
        </test-method> <!-- TearDown -->
      </class> <!-- com.obsqura.tests.CreateandDeleteExpense -->
    </test> <!-- Test3 -->
  </suite> <!-- Suite -->
</testng-results>
